<?xml version="1.0" encoding="UTF-8"?>
<testsuite xmlns:xsi="http://www.w3.org/2001/XMLSchema-instance" xsi:noNamespaceSchemaLocation="https://maven.apache.org/surefire/maven-surefire-plugin/xsd/surefire-test-report-3.0.xsd" version="3.0" name="com.sheets.automation.PlaywrightTest" time="5.317" tests="2" errors="0" skipped="0" failures="0">
  <properties>
[...]
</properties>
  <testcase name="testExampleDotCom" classname="com.sheets.automation.PlaywrightTest" time="0.739">
    <system-out><![CDATA[Test passed! Heading text: Example Domain
]]></system-out>
  </testcase>
  <testcase name="testGoogleHomePage" classname="com.sheets.automation.PlaywrightTest" time="0.909">
    <system-out><![CDATA[Test passed! Page title: Google
]]></system-out>
  </testcase>
</testsuite>